        -:    0:Source:TestVoting.c++
        -:    0:Graph:TestVoting.gcno
        -:    0:Data:TestVoting.gcda
        -:    0:Runs:1
        -:    0:Programs:1
        -:    1:#include <iostream> // cout, endl
        -:    2:#include <sstream>  // istringtstream, ostringstream
        -:    3:#include <string>   // ==
        -:    4:#include <utility>  // make_pair, pair
        -:    5:
        -:    6:#include "gtest/gtest.h"
        -:    7:
        -:    8:#include "Voting.h"
        -:    9:
        -:   10:// g++-4.7 -fprofile-arcs -ftest-coverage -pedantic -std=c++11 -Wall Voting.c++ TestVoting.c++ -o TestVoting -lgtest -lgtest_main -lpthread
        -:   11:
        -:   12:// ---
        -:   13:// read_args
        -:   14:// ---
function _ZN23Voting_read_args_1_TestD0Ev called 1 returned 100% blocks executed 100%
function _ZN23Voting_read_args_1_TestD2Ev called 1 returned 100% blocks executed 75%
function _ZN23Voting_read_args_1_Test8TestBodyEv called 1 returned 100% blocks executed 41%
function _ZN23Voting_read_args_1_TestC2Ev called 1 returned 100% blocks executed 100%
        5:   15:TEST(Voting, read_args_1){
call    0 returned 100%
call    1 returned 100%
call    2 returned 100%
call    3 returned 100%
call    4 returned 100%
call    5 returned 100%
call    6 returned 100%
branch  7 taken 0% (fallthrough)
branch  8 taken 100%
call    9 never executed
call   10 returned 100%
        1:   16:  std::istringstream r("1\n\n2\nChad Custodio\nAndy Tran\n1 2\n2 1\n2 1");
call    0 returned 100%
branch  1 taken 100% (fallthrough)
branch  2 taken 0% (throw)
call    3 returned 100%
branch  4 taken 100% (fallthrough)
branch  5 taken 0% (throw)
call    6 returned 100%
call    7 returned 100%
call    8 returned 100%
call    9 never executed
call   10 never executed
        -:   17:  int v;
        1:   18:  voting_read_args(r, v);
branch  0 taken 100% (fallthrough)
branch  1 taken 0% (throw)
call    2 returned 100%
        1:   19:  ASSERT_EQ(1, v);
branch  0 taken 100% (fallthrough)
branch  1 taken 0% (throw)
call    2 returned 100%
call    3 returned 100%
branch  4 taken 0% (fallthrough)
branch  5 taken 100%
branch  6 never executed
branch  7 never executed
call    8 never executed
branch  9 never executed
branch 10 never executed
call   11 never executed
branch 12 never executed
branch 13 never executed
call   14 never executed
branch 15 never executed
branch 16 never executed
call   17 never executed
branch 18 never executed
branch 19 never executed
call   20 never executed
branch 21 never executed
branch 22 never executed
call   23 never executed
branch 24 taken 100% (fallthrough)
branch 25 taken 0% (throw)
call   26 returned 100%
branch 27 taken 100%
branch 28 taken 0%
branch 29 taken 100% (fallthrough)
branch 30 taken 0% (throw)
call   31 returned 100%
branch 32 taken 100%
branch 33 taken 0%
call   34 never executed
call   35 never executed
call   36 never executed
call   37 never executed
call   38 never executed
        -:   20:}
        -:   21:
function _ZN23Voting_read_args_2_TestD0Ev called 1 returned 100% blocks executed 100%
function _ZN23Voting_read_args_2_TestD2Ev called 1 returned 100% blocks executed 75%
function _ZN23Voting_read_args_2_Test8TestBodyEv called 1 returned 100% blocks executed 41%
function _ZN23Voting_read_args_2_TestC2Ev called 1 returned 100% blocks executed 100%
        5:   22:TEST(Voting, read_args_2){
call    0 returned 100%
call    1 returned 100%
call    2 returned 100%
call    3 returned 100%
call    4 returned 100%
call    5 returned 100%
call    6 returned 100%
branch  7 taken 0% (fallthrough)
branch  8 taken 100%
call    9 never executed
call   10 returned 100%
        1:   23:  std::istringstream r("2\n\n2\nChad\nAndy\n1 2\n2 1\n2 1\n\n2\nChad\nAndy\n2 1\n1 2\n1 2");
call    0 returned 100%
branch  1 taken 100% (fallthrough)
branch  2 taken 0% (throw)
call    3 returned 100%
branch  4 taken 100% (fallthrough)
branch  5 taken 0% (throw)
call    6 returned 100%
call    7 returned 100%
call    8 returned 100%
call    9 never executed
call   10 never executed
        -:   24:  int v;
        1:   25:  voting_read_args(r, v);
branch  0 taken 100% (fallthrough)
branch  1 taken 0% (throw)
call    2 returned 100%
        1:   26:  ASSERT_EQ(2, v);
branch  0 taken 100% (fallthrough)
branch  1 taken 0% (throw)
call    2 returned 100%
call    3 returned 100%
branch  4 taken 0% (fallthrough)
branch  5 taken 100%
branch  6 never executed
branch  7 never executed
call    8 never executed
branch  9 never executed
branch 10 never executed
call   11 never executed
branch 12 never executed
branch 13 never executed
call   14 never executed
branch 15 never executed
branch 16 never executed
call   17 never executed
branch 18 never executed
branch 19 never executed
call   20 never executed
branch 21 never executed
branch 22 never executed
call   23 never executed
branch 24 taken 100% (fallthrough)
branch 25 taken 0% (throw)
call   26 returned 100%
branch 27 taken 100%
branch 28 taken 0%
branch 29 taken 100% (fallthrough)
branch 30 taken 0% (throw)
call   31 returned 100%
branch 32 taken 100%
branch 33 taken 0%
call   34 never executed
call   35 never executed
call   36 never executed
call   37 never executed
call   38 never executed
        -:   27:}
        -:   28:
function _ZN23Voting_read_args_3_TestD0Ev called 1 returned 100% blocks executed 100%
function _ZN23Voting_read_args_3_TestD2Ev called 1 returned 100% blocks executed 75%
function _ZN23Voting_read_args_3_Test8TestBodyEv called 1 returned 100% blocks executed 41%
function _ZN23Voting_read_args_3_TestC2Ev called 1 returned 100% blocks executed 100%
        5:   29:TEST(Voting, read_args_3){
call    0 returned 100%
call    1 returned 100%
call    2 returned 100%
call    3 returned 100%
call    4 returned 100%
call    5 returned 100%
call    6 returned 100%
branch  7 taken 0% (fallthrough)
branch  8 taken 100%
call    9 never executed
call   10 returned 100%
        1:   30:  std::istringstream r("1\n\n3\nChad\nAndy\nGabe\n1 2 3\n2 1 3\n2 3 1");
call    0 returned 100%
branch  1 taken 100% (fallthrough)
branch  2 taken 0% (throw)
call    3 returned 100%
branch  4 taken 100% (fallthrough)
branch  5 taken 0% (throw)
call    6 returned 100%
call    7 returned 100%
call    8 returned 100%
call    9 never executed
call   10 never executed
        -:   31:  int v;
        1:   32:  voting_read_args(r, v);
branch  0 taken 100% (fallthrough)
branch  1 taken 0% (throw)
call    2 returned 100%
        1:   33:  ASSERT_EQ(1, v);
branch  0 taken 100% (fallthrough)
branch  1 taken 0% (throw)
call    2 returned 100%
call    3 returned 100%
branch  4 taken 0% (fallthrough)
branch  5 taken 100%
branch  6 never executed
branch  7 never executed
call    8 never executed
branch  9 never executed
branch 10 never executed
call   11 never executed
branch 12 never executed
branch 13 never executed
call   14 never executed
branch 15 never executed
branch 16 never executed
call   17 never executed
branch 18 never executed
branch 19 never executed
call   20 never executed
branch 21 never executed
branch 22 never executed
call   23 never executed
branch 24 taken 100% (fallthrough)
branch 25 taken 0% (throw)
call   26 returned 100%
branch 27 taken 100%
branch 28 taken 0%
branch 29 taken 100% (fallthrough)
branch 30 taken 0% (throw)
call   31 returned 100%
branch 32 taken 100%
branch 33 taken 0%
call   34 never executed
call   35 never executed
call   36 never executed
call   37 never executed
call   38 never executed
        -:   34:}
        -:   35:
function _ZN23Voting_read_cand_1_TestD0Ev called 1 returned 100% blocks executed 100%
function _ZN23Voting_read_cand_1_TestD2Ev called 1 returned 100% blocks executed 75%
function _ZN23Voting_read_cand_1_Test8TestBodyEv called 1 returned 100% blocks executed 44%
function _ZN23Voting_read_cand_1_TestC2Ev called 1 returned 100% blocks executed 100%
        5:   36:TEST(Voting, read_cand_1){
call    0 returned 100%
call    1 returned 100%
call    2 returned 100%
call    3 returned 100%
call    4 returned 100%
call    5 returned 100%
call    6 returned 100%
branch  7 taken 0% (fallthrough)
branch  8 taken 100%
call    9 never executed
call   10 returned 100%
        1:   37:  std::istringstream r("3\nChad\nAndy\nGlenn");
call    0 returned 100%
branch  1 taken 100% (fallthrough)
branch  2 taken 0% (throw)
call    3 returned 100%
branch  4 taken 100% (fallthrough)
branch  5 taken 0% (throw)
call    6 returned 100%
call    7 returned 100%
call    8 returned 100%
call    9 never executed
call   10 never executed
        -:   38:  int v;
        4:   39:  Ballot b[3];
branch  0 taken 100% (fallthrough)
branch  1 taken 0% (throw)
call    2 returned 100%
branch  3 taken 75%
branch  4 taken 25% (fallthrough)
call    5 returned 100%
branch  6 never executed
branch  7 never executed
branch  8 never executed
branch  9 never executed
call   10 never executed
call   11 never executed
        1:   40:  voting_read_cand(r, v, b);
branch  0 taken 100% (fallthrough)
branch  1 taken 0% (throw)
call    2 returned 100%
        4:   41:  ASSERT_EQ(3, v);
branch  0 taken 100% (fallthrough)
branch  1 taken 0% (throw)
call    2 returned 100%
call    3 returned 100%
branch  4 taken 0% (fallthrough)
branch  5 taken 100%
branch  6 never executed
branch  7 never executed
call    8 never executed
branch  9 never executed
branch 10 never executed
call   11 never executed
branch 12 never executed
branch 13 never executed
call   14 never executed
branch 15 never executed
branch 16 never executed
call   17 never executed
branch 18 never executed
branch 19 never executed
call   20 never executed
branch 21 never executed
branch 22 never executed
call   23 never executed
branch 24 taken 100% (fallthrough)
branch 25 taken 0% (throw)
call   26 returned 100%
branch 27 taken 100%
branch 28 taken 0%
branch 29 taken 75% (fallthrough)
branch 30 taken 25%
branch 31 taken 0%
branch 32 taken 100%
branch 33 taken 100% (fallthrough)
branch 34 taken 0% (throw)
call   35 returned 100%
branch 36 taken 100%
branch 37 taken 0%
call   38 never executed
call   39 never executed
call   40 never executed
branch 41 never executed
branch 42 never executed
call   43 never executed
call   44 never executed
        -:   42:}
        -:   43:
function _ZN23Voting_read_cand_2_TestD0Ev called 1 returned 100% blocks executed 100%
function _ZN23Voting_read_cand_2_TestD2Ev called 1 returned 100% blocks executed 75%
function _ZN23Voting_read_cand_2_Test8TestBodyEv called 1 returned 100% blocks executed 44%
function _ZN23Voting_read_cand_2_TestC2Ev called 1 returned 100% blocks executed 100%
        5:   44:TEST(Voting, read_cand_2){
call    0 returned 100%
call    1 returned 100%
call    2 returned 100%
call    3 returned 100%
call    4 returned 100%
call    5 returned 100%
call    6 returned 100%
branch  7 taken 0% (fallthrough)
branch  8 taken 100%
call    9 never executed
call   10 returned 100%
        1:   45:  std::istringstream r("20\nShyvana\nLee Sin\nJayce\nGnar\nRengar\nJarvan\nMaokai\nNidalee\nLucian\nJinx\nLina\nJuggy\nRikimaru\nShadow Fiend\nInvoker\nLion\nSniper\nPudge\nDisruptor\nChad");
call    0 returned 100%
branch  1 taken 100% (fallthrough)
branch  2 taken 0% (throw)
call    3 returned 100%
branch  4 taken 100% (fallthrough)
branch  5 taken 0% (throw)
call    6 returned 100%
call    7 returned 100%
call    8 returned 100%
call    9 never executed
call   10 never executed
        -:   46:  int v;
       21:   47:  Ballot b[20];
branch  0 taken 100% (fallthrough)
branch  1 taken 0% (throw)
call    2 returned 100%
branch  3 taken 95%
branch  4 taken 5% (fallthrough)
call    5 returned 100%
branch  6 never executed
branch  7 never executed
branch  8 never executed
branch  9 never executed
call   10 never executed
call   11 never executed
        1:   48:  voting_read_cand(r, v, b);
branch  0 taken 100% (fallthrough)
branch  1 taken 0% (throw)
call    2 returned 100%
       21:   49:  ASSERT_EQ(20, v);
branch  0 taken 100% (fallthrough)
branch  1 taken 0% (throw)
call    2 returned 100%
call    3 returned 100%
branch  4 taken 0% (fallthrough)
branch  5 taken 100%
branch  6 never executed
branch  7 never executed
call    8 never executed
branch  9 never executed
branch 10 never executed
call   11 never executed
branch 12 never executed
branch 13 never executed
call   14 never executed
branch 15 never executed
branch 16 never executed
call   17 never executed
branch 18 never executed
branch 19 never executed
call   20 never executed
branch 21 never executed
branch 22 never executed
call   23 never executed
branch 24 taken 100% (fallthrough)
branch 25 taken 0% (throw)
call   26 returned 100%
branch 27 taken 100%
branch 28 taken 0%
branch 29 taken 95% (fallthrough)
branch 30 taken 5%
branch 31 taken 0%
branch 32 taken 100%
branch 33 taken 100% (fallthrough)
branch 34 taken 0% (throw)
call   35 returned 100%
branch 36 taken 100%
branch 37 taken 0%
call   38 never executed
call   39 never executed
call   40 never executed
branch 41 never executed
branch 42 never executed
call   43 never executed
call   44 never executed
        -:   50:}
        -:   51:
function _ZN23Voting_read_cand_3_TestD0Ev called 1 returned 100% blocks executed 100%
function _ZN23Voting_read_cand_3_TestD2Ev called 1 returned 100% blocks executed 75%
function _ZN23Voting_read_cand_3_Test8TestBodyEv called 1 returned 100% blocks executed 44%
function _ZN23Voting_read_cand_3_TestC2Ev called 1 returned 100% blocks executed 100%
        5:   52:TEST(Voting, read_cand_3){
call    0 returned 100%
call    1 returned 100%
call    2 returned 100%
call    3 returned 100%
call    4 returned 100%
call    5 returned 100%
call    6 returned 100%
branch  7 taken 0% (fallthrough)
branch  8 taken 100%
call    9 never executed
call   10 returned 100%
        1:   53:  std::istringstream r("2\nChad\nAndy");
call    0 returned 100%
branch  1 taken 100% (fallthrough)
branch  2 taken 0% (throw)
call    3 returned 100%
branch  4 taken 100% (fallthrough)
branch  5 taken 0% (throw)
call    6 returned 100%
call    7 returned 100%
call    8 returned 100%
call    9 never executed
call   10 never executed
        -:   54:  int v;
        3:   55:  Ballot b[2];
branch  0 taken 100% (fallthrough)
branch  1 taken 0% (throw)
call    2 returned 100%
branch  3 taken 67%
branch  4 taken 33% (fallthrough)
call    5 returned 100%
branch  6 never executed
branch  7 never executed
branch  8 never executed
branch  9 never executed
call   10 never executed
call   11 never executed
        1:   56:  voting_read_cand(r, v, b);
branch  0 taken 100% (fallthrough)
branch  1 taken 0% (throw)
call    2 returned 100%
        3:   57:  ASSERT_EQ(2, v);
branch  0 taken 100% (fallthrough)
branch  1 taken 0% (throw)
call    2 returned 100%
call    3 returned 100%
branch  4 taken 0% (fallthrough)
branch  5 taken 100%
branch  6 never executed
branch  7 never executed
call    8 never executed
branch  9 never executed
branch 10 never executed
call   11 never executed
branch 12 never executed
branch 13 never executed
call   14 never executed
branch 15 never executed
branch 16 never executed
call   17 never executed
branch 18 never executed
branch 19 never executed
call   20 never executed
branch 21 never executed
branch 22 never executed
call   23 never executed
branch 24 taken 100% (fallthrough)
branch 25 taken 0% (throw)
call   26 returned 100%
branch 27 taken 100%
branch 28 taken 0%
branch 29 taken 67% (fallthrough)
branch 30 taken 33%
branch 31 taken 0%
branch 32 taken 100%
branch 33 taken 100% (fallthrough)
branch 34 taken 0% (throw)
call   35 returned 100%
branch 36 taken 100%
branch 37 taken 0%
call   38 never executed
call   39 never executed
call   40 never executed
branch 41 never executed
branch 42 never executed
call   43 never executed
call   44 never executed
        -:   58:}
        -:   59:
function _ZN25Voting_read_ballot_1_TestD0Ev called 1 returned 100% blocks executed 100%
function _ZN25Voting_read_ballot_1_TestD2Ev called 1 returned 100% blocks executed 75%
function _ZN25Voting_read_ballot_1_Test8TestBodyEv called 1 returned 100% blocks executed 44%
function _ZN25Voting_read_ballot_1_TestC2Ev called 1 returned 100% blocks executed 100%
        5:   60:TEST(Voting, read_ballot_1){
call    0 returned 100%
call    1 returned 100%
call    2 returned 100%
call    3 returned 100%
call    4 returned 100%
call    5 returned 100%
call    6 returned 100%
branch  7 taken 0% (fallthrough)
branch  8 taken 100%
call    9 never executed
call   10 returned 100%
        1:   61:  std::istringstream r("1 2 3\n2 1 3\n2 3 1");
call    0 returned 100%
branch  1 taken 100% (fallthrough)
branch  2 taken 0% (throw)
call    3 returned 100%
branch  4 taken 100% (fallthrough)
branch  5 taken 0% (throw)
call    6 returned 100%
call    7 returned 100%
call    8 returned 100%
call    9 never executed
call   10 never executed
        4:   62:  Ballot b[3];
branch  0 taken 100% (fallthrough)
branch  1 taken 0% (throw)
call    2 returned 100%
branch  3 taken 75%
branch  4 taken 25% (fallthrough)
call    5 returned 100%
branch  6 never executed
branch  7 never executed
branch  8 never executed
branch  9 never executed
call   10 never executed
call   11 never executed
        1:   63:  bool v = voting_read_ballot(r, b);
branch  0 taken 100% (fallthrough)
branch  1 taken 0% (throw)
call    2 returned 100%
        4:   64:  ASSERT_EQ(1, v);
branch  0 taken 100% (fallthrough)
branch  1 taken 0% (throw)
call    2 returned 100%
call    3 returned 100%
branch  4 taken 0% (fallthrough)
branch  5 taken 100%
branch  6 never executed
branch  7 never executed
call    8 never executed
branch  9 never executed
branch 10 never executed
call   11 never executed
branch 12 never executed
branch 13 never executed
call   14 never executed
branch 15 never executed
branch 16 never executed
call   17 never executed
branch 18 never executed
branch 19 never executed
call   20 never executed
branch 21 never executed
branch 22 never executed
call   23 never executed
branch 24 taken 100% (fallthrough)
branch 25 taken 0% (throw)
call   26 returned 100%
branch 27 taken 100%
branch 28 taken 0%
branch 29 taken 75% (fallthrough)
branch 30 taken 25%
branch 31 taken 0%
branch 32 taken 100%
branch 33 taken 100% (fallthrough)
branch 34 taken 0% (throw)
call   35 returned 100%
branch 36 taken 100%
branch 37 taken 0%
call   38 never executed
call   39 never executed
call   40 never executed
branch 41 never executed
branch 42 never executed
call   43 never executed
call   44 never executed
        -:   65:}
        -:   66:
function _ZN25Voting_read_ballot_2_TestD0Ev called 1 returned 100% blocks executed 100%
function _ZN25Voting_read_ballot_2_TestD2Ev called 1 returned 100% blocks executed 75%
function _ZN25Voting_read_ballot_2_Test8TestBodyEv called 1 returned 100% blocks executed 44%
function _ZN25Voting_read_ballot_2_TestC2Ev called 1 returned 100% blocks executed 100%
        5:   67:TEST(Voting, read_ballot_2){
call    0 returned 100%
call    1 returned 100%
call    2 returned 100%
call    3 returned 100%
call    4 returned 100%
call    5 returned 100%
call    6 returned 100%
branch  7 taken 0% (fallthrough)
branch  8 taken 100%
call    9 never executed
call   10 returned 100%
        1:   68:  std::istringstream r("");
call    0 returned 100%
branch  1 taken 100% (fallthrough)
branch  2 taken 0% (throw)
call    3 returned 100%
branch  4 taken 100% (fallthrough)
branch  5 taken 0% (throw)
call    6 returned 100%
call    7 returned 100%
call    8 returned 100%
call    9 never executed
call   10 never executed
        2:   69:  Ballot b[1];
branch  0 taken 100% (fallthrough)
branch  1 taken 0% (throw)
call    2 returned 100%
branch  3 taken 50%
branch  4 taken 50% (fallthrough)
call    5 returned 100%
branch  6 never executed
branch  7 never executed
branch  8 never executed
branch  9 never executed
call   10 never executed
call   11 never executed
        1:   70:  bool v = voting_read_ballot(r, b);
branch  0 taken 100% (fallthrough)
branch  1 taken 0% (throw)
call    2 returned 100%
        2:   71:  ASSERT_EQ(0, v);
branch  0 taken 100% (fallthrough)
branch  1 taken 0% (throw)
call    2 returned 100%
call    3 returned 100%
branch  4 taken 0% (fallthrough)
branch  5 taken 100%
branch  6 never executed
branch  7 never executed
call    8 never executed
branch  9 never executed
branch 10 never executed
call   11 never executed
branch 12 never executed
branch 13 never executed
call   14 never executed
branch 15 never executed
branch 16 never executed
call   17 never executed
branch 18 never executed
branch 19 never executed
call   20 never executed
branch 21 never executed
branch 22 never executed
call   23 never executed
branch 24 taken 100% (fallthrough)
branch 25 taken 0% (throw)
call   26 returned 100%
branch 27 taken 100%
branch 28 taken 0%
branch 29 taken 50% (fallthrough)
branch 30 taken 50%
branch 31 taken 0%
branch 32 taken 100%
branch 33 taken 100% (fallthrough)
branch 34 taken 0% (throw)
call   35 returned 100%
branch 36 taken 100%
branch 37 taken 0%
call   38 never executed
call   39 never executed
call   40 never executed
branch 41 never executed
branch 42 never executed
call   43 never executed
call   44 never executed
        -:   72:}
        -:   73:
function _ZN25Voting_read_ballot_3_TestD0Ev called 1 returned 100% blocks executed 100%
function _ZN25Voting_read_ballot_3_TestD2Ev called 1 returned 100% blocks executed 75%
function _ZN25Voting_read_ballot_3_Test8TestBodyEv called 1 returned 100% blocks executed 44%
function _ZN25Voting_read_ballot_3_TestC2Ev called 1 returned 100% blocks executed 100%
        5:   74:TEST(Voting, read_ballot_3){
call    0 returned 100%
call    1 returned 100%
call    2 returned 100%
call    3 returned 100%
call    4 returned 100%
call    5 returned 100%
call    6 returned 100%
branch  7 taken 0% (fallthrough)
branch  8 taken 100%
call    9 never executed
call   10 returned 100%
        1:   75:  std::istringstream r("1 2 3 4 5 6 7 8 9 10 11 12 13 14 15 16 17 18 19 20\n");
call    0 returned 100%
branch  1 taken 100% (fallthrough)
branch  2 taken 0% (throw)
call    3 returned 100%
branch  4 taken 100% (fallthrough)
branch  5 taken 0% (throw)
call    6 returned 100%
call    7 returned 100%
call    8 returned 100%
call    9 never executed
call   10 never executed
       21:   76:  Ballot b[20];
branch  0 taken 100% (fallthrough)
branch  1 taken 0% (throw)
call    2 returned 100%
branch  3 taken 95%
branch  4 taken 5% (fallthrough)
call    5 returned 100%
branch  6 never executed
branch  7 never executed
branch  8 never executed
branch  9 never executed
call   10 never executed
call   11 never executed
        1:   77:  bool v = voting_read_ballot(r, b);
branch  0 taken 100% (fallthrough)
branch  1 taken 0% (throw)
call    2 returned 100%
       21:   78:  ASSERT_EQ(1, v);
branch  0 taken 100% (fallthrough)
branch  1 taken 0% (throw)
call    2 returned 100%
call    3 returned 100%
branch  4 taken 0% (fallthrough)
branch  5 taken 100%
branch  6 never executed
branch  7 never executed
call    8 never executed
branch  9 never executed
branch 10 never executed
call   11 never executed
branch 12 never executed
branch 13 never executed
call   14 never executed
branch 15 never executed
branch 16 never executed
call   17 never executed
branch 18 never executed
branch 19 never executed
call   20 never executed
branch 21 never executed
branch 22 never executed
call   23 never executed
branch 24 taken 100% (fallthrough)
branch 25 taken 0% (throw)
call   26 returned 100%
branch 27 taken 100%
branch 28 taken 0%
branch 29 taken 95% (fallthrough)
branch 30 taken 5%
branch 31 taken 0%
branch 32 taken 100%
branch 33 taken 100% (fallthrough)
branch 34 taken 0% (throw)
call   35 returned 100%
branch 36 taken 100%
branch 37 taken 0%
call   38 never executed
call   39 never executed
call   40 never executed
branch 41 never executed
branch 42 never executed
call   43 never executed
call   44 never executed
        -:   79:}
        -:   80:
function _ZN18Voting_eval_1_TestD0Ev called 1 returned 100% blocks executed 100%
function _ZN18Voting_eval_1_TestD2Ev called 1 returned 100% blocks executed 75%
function _ZN18Voting_eval_1_Test8TestBodyEv called 1 returned 100% blocks executed 48%
function _ZN18Voting_eval_1_TestC2Ev called 1 returned 100% blocks executed 100%
        5:   81:TEST(Voting, eval_1){
call    0 returned 100%
call    1 returned 100%
call    2 returned 100%
call    3 returned 100%
call    4 returned 100%
call    5 returned 100%
call    6 returned 100%
branch  7 taken 0% (fallthrough)
branch  8 taken 100%
call    9 never executed
call   10 returned 100%
        1:   82:  std::istringstream r("1\n\n2\nChad\nAndy");
call    0 returned 100%
branch  1 taken 100% (fallthrough)
branch  2 taken 0% (throw)
call    3 returned 100%
branch  4 taken 100% (fallthrough)
branch  5 taken 0% (throw)
call    6 returned 100%
call    7 returned 100%
call    8 returned 100%
call    9 never executed
call   10 never executed
        -:   83:  int v;
        -:   84:  int j;
        1:   85:  int votes = 0;
        3:   86:  Ballot b[2];
branch  0 taken 100% (fallthrough)
branch  1 taken 0% (throw)
call    2 returned 100%
branch  3 taken 67%
branch  4 taken 33% (fallthrough)
call    5 returned 100%
branch  6 never executed
branch  7 never executed
branch  8 never executed
branch  9 never executed
call   10 never executed
call   11 never executed
        1:   87:  voting_read_args(r, v);
branch  0 taken 100% (fallthrough)
branch  1 taken 0% (throw)
call    2 returned 100%
        1:   88:  voting_read_cand(r, j, b);
branch  0 taken 100% (fallthrough)
branch  1 taken 0% (throw)
call    2 returned 100%
        2:   89:  while(voting_read_ballot(r, b)){
branch  0 taken 100% (fallthrough)
branch  1 taken 0% (throw)
call    2 returned 100%
branch  3 taken 0%
branch  4 taken 100% (fallthrough)
    #####:   90:    ++votes;
        -:   91:  }
        1:   92:  std::string s = voting_eval(votes, j, b);
branch  0 taken 100% (fallthrough)
branch  1 taken 0% (throw)
call    2 returned 100%
        3:   93:  ASSERT_EQ("Chad\nAndy", s);
branch  0 taken 100% (fallthrough)
branch  1 taken 0% (throw)
call    2 returned 100%
call    3 returned 100%
branch  4 taken 0% (fallthrough)
branch  5 taken 100%
branch  6 never executed
branch  7 never executed
call    8 never executed
branch  9 never executed
branch 10 never executed
call   11 never executed
branch 12 never executed
branch 13 never executed
call   14 never executed
branch 15 never executed
branch 16 never executed
call   17 never executed
branch 18 never executed
branch 19 never executed
call   20 never executed
branch 21 never executed
branch 22 never executed
call   23 never executed
branch 24 taken 100% (fallthrough)
branch 25 taken 0% (throw)
call   26 returned 100%
branch 27 taken 100%
branch 28 taken 0%
call   29 returned 100%
branch 30 taken 0%
branch 31 taken 100%
branch 32 taken 67% (fallthrough)
branch 33 taken 33%
branch 34 taken 0%
branch 35 taken 100%
branch 36 taken 100% (fallthrough)
branch 37 taken 0% (throw)
call   38 returned 100%
branch 39 taken 100%
branch 40 taken 0%
call   41 never executed
call   42 never executed
call   43 never executed
call   44 never executed
branch 45 never executed
branch 46 never executed
call   47 never executed
call   48 never executed
        -:   94:}
        -:   95:
function _ZN18Voting_eval_2_TestD0Ev called 1 returned 100% blocks executed 100%
function _ZN18Voting_eval_2_TestD2Ev called 1 returned 100% blocks executed 75%
function _ZN18Voting_eval_2_Test8TestBodyEv called 1 returned 100% blocks executed 49%
function _ZN18Voting_eval_2_TestC2Ev called 1 returned 100% blocks executed 100%
        5:   96:TEST(Voting, eval_2){
call    0 returned 100%
call    1 returned 100%
call    2 returned 100%
call    3 returned 100%
call    4 returned 100%
call    5 returned 100%
call    6 returned 100%
branch  7 taken 0% (fallthrough)
branch  8 taken 100%
call    9 never executed
call   10 returned 100%
        1:   97:  std::istringstream r("1\n\n2\nChad\nAndy\n1 2\n2 1");
call    0 returned 100%
branch  1 taken 100% (fallthrough)
branch  2 taken 0% (throw)
call    3 returned 100%
branch  4 taken 100% (fallthrough)
branch  5 taken 0% (throw)
call    6 returned 100%
call    7 returned 100%
call    8 returned 100%
call    9 never executed
call   10 never executed
        -:   98:  int v;
        -:   99:  int j;
        1:  100:  int votes = 0;
        3:  101:  Ballot b[2];
branch  0 taken 100% (fallthrough)
branch  1 taken 0% (throw)
call    2 returned 100%
branch  3 taken 67%
branch  4 taken 33% (fallthrough)
call    5 returned 100%
branch  6 never executed
branch  7 never executed
branch  8 never executed
branch  9 never executed
call   10 never executed
call   11 never executed
        1:  102:  voting_read_args(r, v);
branch  0 taken 100% (fallthrough)
branch  1 taken 0% (throw)
call    2 returned 100%
        1:  103:  voting_read_cand(r, j, b);
branch  0 taken 100% (fallthrough)
branch  1 taken 0% (throw)
call    2 returned 100%
        4:  104:  while(voting_read_ballot(r, b)){
branch  0 taken 100% (fallthrough)
branch  1 taken 0% (throw)
call    2 returned 100%
branch  3 taken 67%
branch  4 taken 33% (fallthrough)
        2:  105:    ++votes;
        -:  106:  }
        1:  107:  std::string s = voting_eval(votes, j, b);
branch  0 taken 100% (fallthrough)
branch  1 taken 0% (throw)
call    2 returned 100%
        3:  108:  ASSERT_EQ("Chad\nAndy", s);
branch  0 taken 100% (fallthrough)
branch  1 taken 0% (throw)
call    2 returned 100%
call    3 returned 100%
branch  4 taken 0% (fallthrough)
branch  5 taken 100%
branch  6 never executed
branch  7 never executed
call    8 never executed
branch  9 never executed
branch 10 never executed
call   11 never executed
branch 12 never executed
branch 13 never executed
call   14 never executed
branch 15 never executed
branch 16 never executed
call   17 never executed
branch 18 never executed
branch 19 never executed
call   20 never executed
branch 21 never executed
branch 22 never executed
call   23 never executed
branch 24 taken 100% (fallthrough)
branch 25 taken 0% (throw)
call   26 returned 100%
branch 27 taken 100%
branch 28 taken 0%
call   29 returned 100%
branch 30 taken 0%
branch 31 taken 100%
branch 32 taken 67% (fallthrough)
branch 33 taken 33%
branch 34 taken 0%
branch 35 taken 100%
branch 36 taken 100% (fallthrough)
branch 37 taken 0% (throw)
call   38 returned 100%
branch 39 taken 100%
branch 40 taken 0%
call   41 never executed
call   42 never executed
call   43 never executed
call   44 never executed
branch 45 never executed
branch 46 never executed
call   47 never executed
call   48 never executed
        -:  109:}
        -:  110:
function _ZN18Voting_eval_3_TestD0Ev called 1 returned 100% blocks executed 100%
function _ZN18Voting_eval_3_TestD2Ev called 1 returned 100% blocks executed 75%
function _ZN18Voting_eval_3_Test8TestBodyEv called 1 returned 100% blocks executed 49%
function _ZN18Voting_eval_3_TestC2Ev called 1 returned 100% blocks executed 100%
        5:  111:TEST(Voting, eval_3){
call    0 returned 100%
call    1 returned 100%
call    2 returned 100%
call    3 returned 100%
call    4 returned 100%
call    5 returned 100%
call    6 returned 100%
branch  7 taken 0% (fallthrough)
branch  8 taken 100%
call    9 never executed
call   10 returned 100%
        1:  112:  std::istringstream r("1\n\n3\nChad\nAndy\nGlenn\n1 2 3\n2 1 3\n1 2 3\n3 1 2");
call    0 returned 100%
branch  1 taken 100% (fallthrough)
branch  2 taken 0% (throw)
call    3 returned 100%
branch  4 taken 100% (fallthrough)
branch  5 taken 0% (throw)
call    6 returned 100%
call    7 returned 100%
call    8 returned 100%
call    9 never executed
call   10 never executed
        -:  113:  int v;
        -:  114:  int j;
        1:  115:  int votes = 0;
        4:  116:  Ballot b[3];
branch  0 taken 100% (fallthrough)
branch  1 taken 0% (throw)
call    2 returned 100%
branch  3 taken 75%
branch  4 taken 25% (fallthrough)
call    5 returned 100%
branch  6 never executed
branch  7 never executed
branch  8 never executed
branch  9 never executed
call   10 never executed
call   11 never executed
        1:  117:  voting_read_args(r, v);
branch  0 taken 100% (fallthrough)
branch  1 taken 0% (throw)
call    2 returned 100%
        1:  118:  voting_read_cand(r, j, b);
branch  0 taken 100% (fallthrough)
branch  1 taken 0% (throw)
call    2 returned 100%
        6:  119:  while(voting_read_ballot(r, b)){
branch  0 taken 100% (fallthrough)
branch  1 taken 0% (throw)
call    2 returned 100%
branch  3 taken 80%
branch  4 taken 20% (fallthrough)
        4:  120:    ++votes;
        -:  121:  }
        1:  122:  std::string s = voting_eval(votes, j, b);
branch  0 taken 100% (fallthrough)
branch  1 taken 0% (throw)
call    2 returned 100%
        4:  123:  ASSERT_EQ("Chad", s);
branch  0 taken 100% (fallthrough)
branch  1 taken 0% (throw)
call    2 returned 100%
call    3 returned 100%
branch  4 taken 0% (fallthrough)
branch  5 taken 100%
branch  6 never executed
branch  7 never executed
call    8 never executed
branch  9 never executed
branch 10 never executed
call   11 never executed
branch 12 never executed
branch 13 never executed
call   14 never executed
branch 15 never executed
branch 16 never executed
call   17 never executed
branch 18 never executed
branch 19 never executed
call   20 never executed
branch 21 never executed
branch 22 never executed
call   23 never executed
branch 24 taken 100% (fallthrough)
branch 25 taken 0% (throw)
call   26 returned 100%
branch 27 taken 100%
branch 28 taken 0%
call   29 returned 100%
branch 30 taken 0%
branch 31 taken 100%
branch 32 taken 75% (fallthrough)
branch 33 taken 25%
branch 34 taken 0%
branch 35 taken 100%
branch 36 taken 100% (fallthrough)
branch 37 taken 0% (throw)
call   38 returned 100%
branch 39 taken 100%
branch 40 taken 0%
call   41 never executed
call   42 never executed
call   43 never executed
call   44 never executed
branch 45 never executed
branch 46 never executed
call   47 never executed
call   48 never executed
        -:  124:}
        -:  125:
function _ZN19Voting_solve_1_TestD0Ev called 1 returned 100% blocks executed 100%
function _ZN19Voting_solve_1_TestD2Ev called 1 returned 100% blocks executed 75%
function _ZN19Voting_solve_1_Test8TestBodyEv called 1 returned 100% blocks executed 45%
function _ZN19Voting_solve_1_TestC2Ev called 1 returned 100% blocks executed 100%
        5:  126:TEST(Voting, solve_1){
call    0 returned 100%
call    1 returned 100%
call    2 returned 100%
call    3 returned 100%
call    4 returned 100%
call    5 returned 100%
call    6 returned 100%
branch  7 taken 0% (fallthrough)
branch  8 taken 100%
call    9 never executed
call   10 returned 100%
        1:  127:  std::istringstream r("1\n\n2\nChad\nAndy");
call    0 returned 100%
branch  1 taken 100% (fallthrough)
branch  2 taken 0% (throw)
call    3 returned 100%
branch  4 taken 100% (fallthrough)
branch  5 taken 0% (throw)
call    6 returned 100%
call    7 returned 100%
call    8 returned 100%
call    9 never executed
call   10 never executed
        1:  128:  std::ostringstream w;
branch  0 taken 100% (fallthrough)
branch  1 taken 0% (throw)
call    2 returned 100%
        1:  129:  voting_solve(r, w);
branch  0 taken 100% (fallthrough)
branch  1 taken 0% (throw)
call    2 returned 100%
        1:  130:  ASSERT_EQ("Chad\nAndy\n", w.str());
branch  0 taken 100% (fallthrough)
branch  1 taken 0% (throw)
call    2 returned 100%
branch  3 taken 100% (fallthrough)
branch  4 taken 0% (throw)
call    5 returned 100%
call    6 returned 100%
call    7 returned 100%
branch  8 taken 0% (fallthrough)
branch  9 taken 100%
branch 10 never executed
branch 11 never executed
call   12 never executed
branch 13 never executed
branch 14 never executed
call   15 never executed
branch 16 never executed
branch 17 never executed
call   18 never executed
branch 19 never executed
branch 20 never executed
call   21 never executed
branch 22 never executed
branch 23 never executed
call   24 never executed
branch 25 never executed
branch 26 never executed
call   27 never executed
branch 28 taken 100% (fallthrough)
branch 29 taken 0% (throw)
call   30 returned 100%
branch 31 taken 100%
branch 32 taken 0%
branch 33 taken 100% (fallthrough)
branch 34 taken 0% (throw)
call   35 returned 100%
branch 36 taken 0%
branch 37 taken 100%
branch 38 taken 100% (fallthrough)
branch 39 taken 0% (throw)
call   40 returned 100%
branch 41 taken 100%
branch 42 taken 0%
call   43 never executed
call   44 never executed
call   45 never executed
call   46 never executed
call   47 never executed
call   48 never executed
call   49 never executed
        -:  131:}
        -:  132:
function _ZN19Voting_solve_2_TestD0Ev called 1 returned 100% blocks executed 100%
function _ZN19Voting_solve_2_TestD2Ev called 1 returned 100% blocks executed 75%
function _ZN19Voting_solve_2_Test8TestBodyEv called 1 returned 100% blocks executed 45%
function _ZN19Voting_solve_2_TestC2Ev called 1 returned 100% blocks executed 100%
        5:  133:TEST(Voting, solve_2){
call    0 returned 100%
call    1 returned 100%
call    2 returned 100%
call    3 returned 100%
call    4 returned 100%
call    5 returned 100%
call    6 returned 100%
branch  7 taken 0% (fallthrough)
branch  8 taken 100%
call    9 never executed
call   10 returned 100%
        1:  134:  std::istringstream r("2\n\n2\nChad\nAndy\n\n2\nChad\nAndy\n1 2\n2 1");
call    0 returned 100%
branch  1 taken 100% (fallthrough)
branch  2 taken 0% (throw)
call    3 returned 100%
branch  4 taken 100% (fallthrough)
branch  5 taken 0% (throw)
call    6 returned 100%
call    7 returned 100%
call    8 returned 100%
call    9 never executed
call   10 never executed
        1:  135:  std::ostringstream w;
branch  0 taken 100% (fallthrough)
branch  1 taken 0% (throw)
call    2 returned 100%
        1:  136:  voting_solve(r, w);
branch  0 taken 100% (fallthrough)
branch  1 taken 0% (throw)
call    2 returned 100%
        1:  137:  ASSERT_EQ("Chad\nAndy\n\nChad\nAndy\n", w.str());
branch  0 taken 100% (fallthrough)
branch  1 taken 0% (throw)
call    2 returned 100%
branch  3 taken 100% (fallthrough)
branch  4 taken 0% (throw)
call    5 returned 100%
call    6 returned 100%
call    7 returned 100%
branch  8 taken 0% (fallthrough)
branch  9 taken 100%
branch 10 never executed
branch 11 never executed
call   12 never executed
branch 13 never executed
branch 14 never executed
call   15 never executed
branch 16 never executed
branch 17 never executed
call   18 never executed
branch 19 never executed
branch 20 never executed
call   21 never executed
branch 22 never executed
branch 23 never executed
call   24 never executed
branch 25 never executed
branch 26 never executed
call   27 never executed
branch 28 taken 100% (fallthrough)
branch 29 taken 0% (throw)
call   30 returned 100%
branch 31 taken 100%
branch 32 taken 0%
branch 33 taken 100% (fallthrough)
branch 34 taken 0% (throw)
call   35 returned 100%
branch 36 taken 0%
branch 37 taken 100%
branch 38 taken 100% (fallthrough)
branch 39 taken 0% (throw)
call   40 returned 100%
branch 41 taken 100%
branch 42 taken 0%
call   43 never executed
call   44 never executed
call   45 never executed
call   46 never executed
call   47 never executed
call   48 never executed
call   49 never executed
        -:  138:}
        -:  139:
function _ZN19Voting_solve_3_TestD0Ev called 1 returned 100% blocks executed 100%
function _ZN19Voting_solve_3_TestD2Ev called 1 returned 100% blocks executed 75%
function _ZN19Voting_solve_3_Test8TestBodyEv called 1 returned 100% blocks executed 45%
function _ZN19Voting_solve_3_TestC2Ev called 1 returned 100% blocks executed 100%
        5:  140:TEST(Voting, solve_3){
call    0 returned 100%
call    1 returned 100%
call    2 returned 100%
call    3 returned 100%
call    4 returned 100%
call    5 returned 100%
call    6 returned 100%
branch  7 taken 0% (fallthrough)
branch  8 taken 100%
call    9 never executed
call   10 returned 100%
        1:  141:  std::istringstream r("1\n\n3\nChad\nAndy\nGlenn\n1 2 3\n2 1 3\n1 2 3\n3 1 2");
call    0 returned 100%
branch  1 taken 100% (fallthrough)
branch  2 taken 0% (throw)
call    3 returned 100%
branch  4 taken 100% (fallthrough)
branch  5 taken 0% (throw)
call    6 returned 100%
call    7 returned 100%
call    8 returned 100%
call    9 never executed
call   10 never executed
        1:  142:  std::ostringstream w;
branch  0 taken 100% (fallthrough)
branch  1 taken 0% (throw)
call    2 returned 100%
        1:  143:  voting_solve(r, w);
branch  0 taken 100% (fallthrough)
branch  1 taken 0% (throw)
call    2 returned 100%
        1:  144:  ASSERT_EQ("Chad\n", w.str());
branch  0 taken 100% (fallthrough)
branch  1 taken 0% (throw)
call    2 returned 100%
branch  3 taken 100% (fallthrough)
branch  4 taken 0% (throw)
call    5 returned 100%
call    6 returned 100%
call    7 returned 100%
branch  8 taken 0% (fallthrough)
branch  9 taken 100%
branch 10 never executed
branch 11 never executed
call   12 never executed
branch 13 never executed
branch 14 never executed
call   15 never executed
branch 16 never executed
branch 17 never executed
call   18 never executed
branch 19 never executed
branch 20 never executed
call   21 never executed
branch 22 never executed
branch 23 never executed
call   24 never executed
branch 25 never executed
branch 26 never executed
call   27 never executed
branch 28 taken 100% (fallthrough)
branch 29 taken 0% (throw)
call   30 returned 100%
branch 31 taken 100%
branch 32 taken 0%
branch 33 taken 100% (fallthrough)
branch 34 taken 0% (throw)
call   35 returned 100%
branch 36 taken 0%
branch 37 taken 100%
branch 38 taken 100% (fallthrough)
branch 39 taken 0% (throw)
call   40 returned 100%
branch 41 taken 100%
branch 42 taken 0%
call   43 never executed
call   44 never executed
call   45 never executed
call   46 never executed
call   47 never executed
call   48 never executed
call   49 never executed
function _GLOBAL__sub_I__ZN23Voting_read_args_1_Test10test_info_E called 1 returned 100% blocks executed 100%
function _Z41__static_initialization_and_destruction_0ii called 1 returned 100% blocks executed 100%
        3:  145:}9ÚG8+
call    0 returned 100%
branch  1 taken 100% (fallthrough)
branch  2 taken 0%
branch  3 taken 100% (fallthrough)
branch  4 taken 0%
