        -:    0:Source:Voting.c++
        -:    0:Graph:Voting.gcno
        -:    0:Data:Voting.gcda
        -:    0:Runs:1
        -:    0:Programs:1
        -:    1:#include <cassert>  
        -:    2:#include <iostream> 
        -:    3:#include <sstream>
        -:    4:#include <string>
        -:    5:
        -:    6:#include "Voting.h"
        -:    7:
function _Z16voting_read_argsRSiRi called 9 returned 100% blocks executed 63%
        9:    8:void voting_read_args(std::istream& r, int& i){
        9:    9:  std::string s;
branch  0 taken 100% (fallthrough)
branch  1 taken 0% (throw)
call    2 returned 100%
        -:   10:
        9:   11:  getline(r, s);
branch  0 taken 100% (fallthrough)
branch  1 taken 0% (throw)
call    2 returned 100%
        9:   12:  std::stringstream ss(s);
call    0 returned 100%
branch  1 taken 100% (fallthrough)
branch  2 taken 0% (throw)
call    3 returned 100%
        9:   13:  ss >> i;
branch  0 taken 100% (fallthrough)
branch  1 taken 0% (throw)
call    2 returned 100%
        9:   14:  getline(r, s);
branch  0 taken 100% (fallthrough)
branch  1 taken 0% (throw)
call    2 returned 100%
        9:   15:  assert(i > 0); //Number of cases have to be greater than 0
branch  0 taken 0% (fallthrough)
branch  1 taken 100%
call    2 never executed
branch  3 taken 100% (fallthrough)
branch  4 taken 0% (throw)
call    5 returned 100%
call    6 returned 100%
call    7 never executed
call    8 never executed
call    9 never executed
        -:   16:  // std::cout << i << std::endl;
        9:   17:}
        -:   18:
function _Z16voting_read_candRSiRiP6Ballot called 10 returned 100% blocks executed 68%
       10:   19:void voting_read_cand (std::istream& r, int& j, Ballot b[]){
       10:   20:  int i = 0;
       10:   21:  std::string s;
branch  0 taken 100% (fallthrough)
branch  1 taken 0% (throw)
call    2 returned 100%
        -:   22:
       10:   23:  getline(r, s);
branch  0 taken 100% (fallthrough)
branch  1 taken 0% (throw)
call    2 returned 100%
       10:   24:  std::stringstream ss(s);
call    0 returned 100%
branch  1 taken 100% (fallthrough)
branch  2 taken 0% (throw)
call    3 returned 100%
       10:   25:  ss >> j;
branch  0 taken 100% (fallthrough)
branch  1 taken 0% (throw)
call    2 returned 100%
        -:   26:
       61:   27:  while(i < j){
branch  0 taken 80%
branch  1 taken 20% (fallthrough)
       41:   28:    getline(r, s);
branch  0 taken 100% (fallthrough)
branch  1 taken 0% (throw)
call    2 returned 100%
       41:   29:    b[i].s = s;
branch  0 taken 100% (fallthrough)
branch  1 taken 0% (throw)
call    2 returned 100%
       41:   30:    ++i;
        -:   31:  }
        -:   32:  //boundary cases for number of candidates
       10:   33:  assert(j > 0);
branch  0 taken 0% (fallthrough)
branch  1 taken 100%
call    2 never executed
       10:   34:  assert(j < 21);
branch  0 taken 0% (fallthrough)
branch  1 taken 100%
call    2 never executed
branch  3 taken 100% (fallthrough)
branch  4 taken 0% (throw)
call    5 returned 100%
call    6 returned 100%
call    7 never executed
call    8 never executed
call    9 never executed
       10:   35:}
        -:   36:
function _Z18voting_read_ballotRSiP6Ballot called 22 returned 100% blocks executed 75%
       22:   37:bool voting_read_ballot(std::istream& r, Ballot b[]){
        -:   38:  int i;
       22:   39:  std::string s;
branch  0 taken 100% (fallthrough)
branch  1 taken 0% (throw)
call    2 returned 100%
        -:   40:
       22:   41:  getline(r, s);
branch  0 taken 100% (fallthrough)
branch  1 taken 0% (throw)
call    2 returned 100%
       22:   42:  std::stringstream ss(s);
call    0 returned 100%
branch  1 taken 100% (fallthrough)
branch  2 taken 0% (throw)
call    3 returned 100%
       22:   43:  if(s == ""){
branch  0 taken 100% (fallthrough)
branch  1 taken 0% (throw)
call    2 returned 100%
branch  3 taken 36% (fallthrough)
branch  4 taken 64%
        8:   44:    return false;
        -:   45:  }
        -:   46:  else{
        -:   47:  	// std::cout << s << std::endl;
       14:   48:    ss >> i;
branch  0 taken 100% (fallthrough)
branch  1 taken 0% (throw)
call    2 returned 100%
       14:   49:    getline (ss, s);
branch  0 taken 100% (fallthrough)
branch  1 taken 0% (throw)
call    2 returned 100%
       14:   50:	  b[i-1].v.push_back(s);
branch  0 taken 100% (fallthrough)
branch  1 taken 0% (throw)
call    2 returned 100%
       14:   51:	  ++b[i-1].count;
       14:   52:    return true;
       22:   53:  }
branch  0 taken 100% (fallthrough)
branch  1 taken 0% (throw)
call    2 returned 100%
call    3 returned 100%
call    4 never executed
call    5 never executed
call    6 never executed
        -:   54:}
        -:   55:
function _Z11voting_evalRiS_P6Ballot called 7 returned 100% blocks executed 79%
        7:   56:std::string voting_eval(int& totalVotes, int& cand, Ballot b[]){
        7:   57:	std::string s = "";
call    0 returned 100%
branch  1 taken 100% (fallthrough)
branch  2 taken 0% (throw)
call    3 returned 100%
call    4 returned 100%
call    5 never executed
        7:   58:  std::string ball = "";
call    0 returned 100%
branch  1 taken 100% (fallthrough)
branch  2 taken 0% (throw)
call    3 returned 100%
call    4 returned 100%
call    5 never executed
        7:   59:  int min = 1001;
        7:   60:  int max = 0;
        7:   61:  int winCount = 0;
        7:   62:  int token = 0;
        -:   63:
        -:   64:  //no votes
        7:   65:  if(totalVotes == 0){
branch  0 taken 43% (fallthrough)
branch  1 taken 57%
        9:   66:    for(int i = 0; i < cand; ++i){
branch  0 taken 67%
branch  1 taken 33% (fallthrough)
        6:   67:      if(winCount > 0){
branch  0 taken 50% (fallthrough)
branch  1 taken 50%
        3:   68:        s += "\n" + b[i].s;
branch  0 taken 100% (fallthrough)
branch  1 taken 0% (throw)
call    2 returned 100%
branch  3 taken 100% (fallthrough)
branch  4 taken 0% (throw)
call    5 returned 100%
call    6 returned 100%
call    7 never executed
        -:   69:      }
        -:   70:      else{
        3:   71:        s += b[i].s;
branch  0 taken 100% (fallthrough)
branch  1 taken 0% (throw)
call    2 returned 100%
        -:   72:      }
        6:   73:      ++winCount;
        -:   74:    }
        3:   75:    return s;
call    0 returned 100%
        -:   76:  }
        -:   77:
        2:   78:  while(1){
       16:   79:    for(int i = 0; i < cand; ++i){
branch  0 taken 75%
branch  1 taken 25% (fallthrough)
       12:   80:      if(b[i].count > (totalVotes / 2)){
branch  0 taken 17% (fallthrough)
branch  1 taken 83%
        2:   81:        return b[i].s;
branch  0 taken 100% (fallthrough)
branch  1 taken 0% (throw)
call    2 returned 100%
        -:   82:      }
        -:   83:      else{
       10:   84:        if(b[i].count < min && b[i].count > 0){
branch  0 taken 60% (fallthrough)
branch  1 taken 40%
branch  2 taken 100% (fallthrough)
branch  3 taken 0%
        6:   85:          min = b[i].count;
        -:   86:        }
       10:   87:        if(b[i].count > max){
branch  0 taken 40% (fallthrough)
branch  1 taken 60%
        4:   88:          max = b[i].count;
        -:   89:        }
        -:   90:      }
        -:   91:    }
        -:   92:
        4:   93:    if(max == min){
branch  0 taken 50% (fallthrough)
branch  1 taken 50%
        6:   94:      for(int i = 0; i < cand; ++i){
branch  0 taken 67%
branch  1 taken 33% (fallthrough)
        4:   95:        if(b[i].count > 0){
branch  0 taken 100% (fallthrough)
branch  1 taken 0%
        4:   96:          if(winCount > 0){
branch  0 taken 50% (fallthrough)
branch  1 taken 50%
        2:   97:           s += "\n" + b[i].s;
branch  0 taken 100% (fallthrough)
branch  1 taken 0% (throw)
call    2 returned 100%
branch  3 taken 100% (fallthrough)
branch  4 taken 0% (throw)
call    5 returned 100%
call    6 returned 100%
call    7 never executed
        -:   98:          }
        -:   99:          else{
        2:  100:            s += b[i].s;
branch  0 taken 100% (fallthrough)
branch  1 taken 0% (throw)
call    2 returned 100%
        -:  101:          }
        4:  102:          ++winCount;
        -:  103:        }
        -:  104:      }
        2:  105:      return s;
call    0 returned 100%
        -:  106:    }
        -:  107:
        -:  108:    // redo votes if no winner
        8:  109:    for(int i = 0; i < cand; ++i){
branch  0 taken 75%
branch  1 taken 25% (fallthrough)
        6:  110:      if(min == b[i].count){
branch  0 taken 67% (fallthrough)
branch  1 taken 33%
        8:  111:        for(int k = 0; k < b[i].count; ++k){
branch  0 taken 50%
branch  1 taken 50% (fallthrough)
        4:  112:          ball = b[i].v[k];
call    0 returned 100%
branch  1 taken 100% (fallthrough)
branch  2 taken 0% (throw)
call    3 returned 100%
        4:  113:          std::stringstream ss(ball);
call    0 returned 100%
branch  1 taken 100% (fallthrough)
branch  2 taken 0% (throw)
call    3 returned 100%
        4:  114:          ss >> token;
branch  0 taken 100% (fallthrough)
branch  1 taken 0% (throw)
call    2 returned 100%
        8:  115:          while(b[token - 1].count <= min){
branch  0 taken 0%
branch  1 taken 100% (fallthrough)
    #####:  116:            ss >> token;
branch  0 never executed
branch  1 never executed
call    2 never executed
        -:  117:          }
        4:  118:          getline(ss, ball);
branch  0 taken 100% (fallthrough)
branch  1 taken 0% (throw)
call    2 returned 100%
        4:  119:          b[token - 1].v.push_back(ball);
branch  0 taken 100% (fallthrough)
branch  1 taken 0% (throw)
call    2 returned 100%
        4:  120:          ++b[token - 1].count;
        4:  121:        }
branch  0 taken 100% (fallthrough)
branch  1 taken 0% (throw)
call    2 returned 100%
call    3 never executed
        4:  122:        b[i].v.clear();
call    0 returned 100%
        4:  123:        b[i].count = 0;
        -:  124:      }
        -:  125:    }
        2:  126:    min = 1001;
        7:  127:  }
call    0 returned 100%
call    1 returned 100%
call    2 never executed
call    3 never executed
call    4 never executed
        -:  128:}
        -:  129:
function _Z12voting_solveRSiRSo called 3 returned 100% blocks executed 65%
        3:  130:void voting_solve(std::istream& r, std::ostream& w){
        3:  131:  int i = 0;
        -:  132:  
        3:  133:  voting_read_args(r, i);
branch  0 taken 100% (fallthrough)
branch  1 taken 0% (throw)
call    2 returned 100%
        -:  134:    
       10:  135:  while(i > 0){
branch  0 taken 57%
branch  1 taken 43% (fallthrough)
        4:  136:    int j = 0;
       84:  137:    Ballot b[20];
branch  0 taken 100% (fallthrough)
branch  1 taken 0% (throw)
call    2 returned 100%
branch  3 taken 95%
branch  4 taken 5% (fallthrough)
call    5 returned 100%
branch  6 never executed
branch  7 never executed
branch  8 never executed
branch  9 never executed
call   10 never executed
call   11 never executed
        4:  138:    voting_read_cand(r, j, b);
branch  0 taken 100% (fallthrough)
branch  1 taken 0% (throw)
call    2 returned 100%
        -:  139:
        4:  140:    int totalVotes = 0;
       14:  141:    while(voting_read_ballot(r, b)){
branch  0 taken 100% (fallthrough)
branch  1 taken 0% (throw)
call    2 returned 100%
branch  3 taken 60%
branch  4 taken 40% (fallthrough)
        6:  142:      ++totalVotes;
        -:  143:    }
        4:  144:    std::string s = voting_eval(totalVotes, j, b);
branch  0 taken 100% (fallthrough)
branch  1 taken 0% (throw)
call    2 returned 100%
        4:  145:    if(i == 1){
branch  0 taken 75% (fallthrough)
branch  1 taken 25%
        3:  146:      w << s << std::endl;
branch  0 taken 100% (fallthrough)
branch  1 taken 0% (throw)
call    2 returned 100%
branch  3 taken 100% (fallthrough)
branch  4 taken 0% (throw)
call    5 returned 100%
        -:  147:    }
        -:  148:    else{
        1:  149:      w << s << std::endl << std::endl;
branch  0 taken 100% (fallthrough)
branch  1 taken 0% (throw)
call    2 returned 100%
branch  3 taken 100% (fallthrough)
branch  4 taken 0% (throw)
call    5 returned 100%
branch  6 taken 100% (fallthrough)
branch  7 taken 0% (throw)
call    8 returned 100%
        -:  150:    }
        4:  151:    --i;
       84:  152:  }
call    0 returned 100%
branch  1 taken 95% (fallthrough)
branch  2 taken 5%
call    3 never executed
branch  4 never executed
branch  5 never executed
call    6 never executed
function _GLOBAL__sub_I__Z16voting_read_argsRSiRi called 1 returned 100% blocks executed 100%
function _Z41__static_initialization_and_destruction_0ii called 1 returned 100% blocks executed 100%
        6:  153:}éG×'+
call    0 returned 100%
branch  1 taken 100% (fallthrough)
branch  2 taken 0%
branch  3 taken 100% (fallthrough)
branch  4 taken 0%
